[2019-12-14 09:34:40] production.ERROR: Dotenv values containing spaces must be surrounded by quotes. {"exception":"[object] (Dotenv\\Exception\\InvalidFileException(code: 0): Dotenv values containing spaces must be surrounded by quotes. at /opt/lampp/htdocs/weshare/vendor/vlucas/phpdotenv/src/Parser.php:120)
[stacktrace]
#0 /opt/lampp/htdocs/weshare/vendor/vlucas/phpdotenv/src/Parser.php(43): Dotenv\\Parser::parseUnquotedValue('Weshare App')
#1 /opt/lampp/htdocs/weshare/vendor/vlucas/phpdotenv/src/Loader.php(237): Dotenv\\Parser::parseValue('Weshare App')
#2 /opt/lampp/htdocs/weshare/vendor/vlucas/phpdotenv/src/Loader.php(151): Dotenv\\Loader->sanitiseVariableValue('APP_NAME', 'Weshare App')
#3 /opt/lampp/htdocs/weshare/vendor/vlucas/phpdotenv/src/Loader.php(128): Dotenv\\Loader->processFilters('APP_NAME', 'Weshare App')
#4 /opt/lampp/htdocs/weshare/vendor/vlucas/phpdotenv/src/Loader.php(323): Dotenv\\Loader->normaliseEnvironmentVariable('APP_NAME=Weshar...', NULL)
#5 /opt/lampp/htdocs/weshare/vendor/vlucas/phpdotenv/src/Loader.php(89): Dotenv\\Loader->setEnvironmentVariable('APP_NAME=Weshar...')
#6 /opt/lampp/htdocs/weshare/vendor/vlucas/phpdotenv/src/Dotenv.php(114): Dotenv\\Loader->load()
#7 /opt/lampp/htdocs/weshare/vendor/vlucas/phpdotenv/src/Dotenv.php(52): Dotenv\\Dotenv->loadData()
#8 /opt/lampp/htdocs/weshare/vendor/laravel/framework/src/Illuminate/Foundation/Bootstrap/LoadEnvironmentVariables.php(27): Dotenv\\Dotenv->load()
#9 /opt/lampp/htdocs/weshare/vendor/laravel/framework/src/Illuminate/Foundation/Application.php(213): Illuminate\\Foundation\\Bootstrap\\LoadEnvironmentVariables->bootstrap(Object(Illuminate\\Foundation\\Application))
#10 /opt/lampp/htdocs/weshare/vendor/laravel/framework/src/Illuminate/Foundation/Http/Kernel.php(162): Illuminate\\Foundation\\Application->bootstrapWith(Array)
#11 /opt/lampp/htdocs/weshare/vendor/laravel/framework/src/Illuminate/Foundation/Http/Kernel.php(146): Illuminate\\Foundation\\Http\\Kernel->bootstrap()
#12 /opt/lampp/htdocs/weshare/vendor/laravel/framework/src/Illuminate/Foundation/Http/Kernel.php(116): Illuminate\\Foundation\\Http\\Kernel->sendRequestThroughRouter(Object(Illuminate\\Http\\Request))
#13 /opt/lampp/htdocs/weshare/public/index.php(53): Illuminate\\Foundation\\Http\\Kernel->handle(Object(Illuminate\\Http\\Request))
#14 {main}
"} 
[2019-12-14 09:34:46] production.ERROR: Dotenv values containing spaces must be surrounded by quotes. {"exception":"[object] (Dotenv\\Exception\\InvalidFileException(code: 0): Dotenv values containing spaces must be surrounded by quotes. at /opt/lampp/htdocs/weshare/vendor/vlucas/phpdotenv/src/Parser.php:120)
[stacktrace]
#0 /opt/lampp/htdocs/weshare/vendor/vlucas/phpdotenv/src/Parser.php(43): Dotenv\\Parser::parseUnquotedValue('Weshare App')
#1 /opt/lampp/htdocs/weshare/vendor/vlucas/phpdotenv/src/Loader.php(237): Dotenv\\Parser::parseValue('Weshare App')
#2 /opt/lampp/htdocs/weshare/vendor/vlucas/phpdotenv/src/Loader.php(151): Dotenv\\Loader->sanitiseVariableValue('APP_NAME', 'Weshare App')
#3 /opt/lampp/htdocs/weshare/vendor/vlucas/phpdotenv/src/Loader.php(128): Dotenv\\Loader->processFilters('APP_NAME', 'Weshare App')
#4 /opt/lampp/htdocs/weshare/vendor/vlucas/phpdotenv/src/Loader.php(323): Dotenv\\Loader->normaliseEnvironmentVariable('APP_NAME=Weshar...', NULL)
#5 /opt/lampp/htdocs/weshare/vendor/vlucas/phpdotenv/src/Loader.php(89): Dotenv\\Loader->setEnvironmentVariable('APP_NAME=Weshar...')
#6 /opt/lampp/htdocs/weshare/vendor/vlucas/phpdotenv/src/Dotenv.php(114): Dotenv\\Loader->load()
#7 /opt/lampp/htdocs/weshare/vendor/vlucas/phpdotenv/src/Dotenv.php(52): Dotenv\\Dotenv->loadData()
#8 /opt/lampp/htdocs/weshare/vendor/laravel/framework/src/Illuminate/Foundation/Bootstrap/LoadEnvironmentVariables.php(27): Dotenv\\Dotenv->load()
#9 /opt/lampp/htdocs/weshare/vendor/laravel/framework/src/Illuminate/Foundation/Application.php(213): Illuminate\\Foundation\\Bootstrap\\LoadEnvironmentVariables->bootstrap(Object(Illuminate\\Foundation\\Application))
#10 /opt/lampp/htdocs/weshare/vendor/laravel/framework/src/Illuminate/Foundation/Http/Kernel.php(162): Illuminate\\Foundation\\Application->bootstrapWith(Array)
#11 /opt/lampp/htdocs/weshare/vendor/laravel/framework/src/Illuminate/Foundation/Http/Kernel.php(146): Illuminate\\Foundation\\Http\\Kernel->bootstrap()
#12 /opt/lampp/htdocs/weshare/vendor/laravel/framework/src/Illuminate/Foundation/Http/Kernel.php(116): Illuminate\\Foundation\\Http\\Kernel->sendRequestThroughRouter(Object(Illuminate\\Http\\Request))
#13 /opt/lampp/htdocs/weshare/public/index.php(53): Illuminate\\Foundation\\Http\\Kernel->handle(Object(Illuminate\\Http\\Request))
#14 {main}
"} 
[2019-12-14 09:34:58] production.ERROR: Dotenv values containing spaces must be surrounded by quotes. {"exception":"[object] (Dotenv\\Exception\\InvalidFileException(code: 0): Dotenv values containing spaces must be surrounded by quotes. at /opt/lampp/htdocs/weshare/vendor/vlucas/phpdotenv/src/Parser.php:120)
[stacktrace]
#0 /opt/lampp/htdocs/weshare/vendor/vlucas/phpdotenv/src/Parser.php(43): Dotenv\\Parser::parseUnquotedValue('Weshare App')
#1 /opt/lampp/htdocs/weshare/vendor/vlucas/phpdotenv/src/Loader.php(237): Dotenv\\Parser::parseValue('Weshare App')
#2 /opt/lampp/htdocs/weshare/vendor/vlucas/phpdotenv/src/Loader.php(151): Dotenv\\Loader->sanitiseVariableValue('APP_NAME', 'Weshare App')
#3 /opt/lampp/htdocs/weshare/vendor/vlucas/phpdotenv/src/Loader.php(128): Dotenv\\Loader->processFilters('APP_NAME', 'Weshare App')
#4 /opt/lampp/htdocs/weshare/vendor/vlucas/phpdotenv/src/Loader.php(323): Dotenv\\Loader->normaliseEnvironmentVariable('APP_NAME=Weshar...', NULL)
#5 /opt/lampp/htdocs/weshare/vendor/vlucas/phpdotenv/src/Loader.php(89): Dotenv\\Loader->setEnvironmentVariable('APP_NAME=Weshar...')
#6 /opt/lampp/htdocs/weshare/vendor/vlucas/phpdotenv/src/Dotenv.php(114): Dotenv\\Loader->load()
#7 /opt/lampp/htdocs/weshare/vendor/vlucas/phpdotenv/src/Dotenv.php(52): Dotenv\\Dotenv->loadData()
#8 /opt/lampp/htdocs/weshare/vendor/laravel/framework/src/Illuminate/Foundation/Bootstrap/LoadEnvironmentVariables.php(27): Dotenv\\Dotenv->load()
#9 /opt/lampp/htdocs/weshare/vendor/laravel/framework/src/Illuminate/Foundation/Application.php(213): Illuminate\\Foundation\\Bootstrap\\LoadEnvironmentVariables->bootstrap(Object(Illuminate\\Foundation\\Application))
#10 /opt/lampp/htdocs/weshare/vendor/laravel/framework/src/Illuminate/Foundation/Http/Kernel.php(162): Illuminate\\Foundation\\Application->bootstrapWith(Array)
#11 /opt/lampp/htdocs/weshare/vendor/laravel/framework/src/Illuminate/Foundation/Http/Kernel.php(146): Illuminate\\Foundation\\Http\\Kernel->bootstrap()
#12 /opt/lampp/htdocs/weshare/vendor/laravel/framework/src/Illuminate/Foundation/Http/Kernel.php(116): Illuminate\\Foundation\\Http\\Kernel->sendRequestThroughRouter(Object(Illuminate\\Http\\Request))
#13 /opt/lampp/htdocs/weshare/public/index.php(53): Illuminate\\Foundation\\Http\\Kernel->handle(Object(Illuminate\\Http\\Request))
#14 {main}
"} 
[2019-12-14 09:38:27] production.ERROR: Dotenv values containing spaces must be surrounded by quotes. {"exception":"[object] (Dotenv\\Exception\\InvalidFileException(code: 0): Dotenv values containing spaces must be surrounded by quotes. at /opt/lampp/htdocs/weshare/vendor/vlucas/phpdotenv/src/Parser.php:120)
[stacktrace]
#0 /opt/lampp/htdocs/weshare/vendor/vlucas/phpdotenv/src/Parser.php(43): Dotenv\\Parser::parseUnquotedValue('Weshare App')
#1 /opt/lampp/htdocs/weshare/vendor/vlucas/phpdotenv/src/Loader.php(237): Dotenv\\Parser::parseValue('Weshare App')
#2 /opt/lampp/htdocs/weshare/vendor/vlucas/phpdotenv/src/Loader.php(151): Dotenv\\Loader->sanitiseVariableValue('APP_NAME', 'Weshare App')
#3 /opt/lampp/htdocs/weshare/vendor/vlucas/phpdotenv/src/Loader.php(128): Dotenv\\Loader->processFilters('APP_NAME', 'Weshare App')
#4 /opt/lampp/htdocs/weshare/vendor/vlucas/phpdotenv/src/Loader.php(323): Dotenv\\Loader->normaliseEnvironmentVariable('APP_NAME=Weshar...', NULL)
#5 /opt/lampp/htdocs/weshare/vendor/vlucas/phpdotenv/src/Loader.php(89): Dotenv\\Loader->setEnvironmentVariable('APP_NAME=Weshar...')
#6 /opt/lampp/htdocs/weshare/vendor/vlucas/phpdotenv/src/Dotenv.php(114): Dotenv\\Loader->load()
#7 /opt/lampp/htdocs/weshare/vendor/vlucas/phpdotenv/src/Dotenv.php(52): Dotenv\\Dotenv->loadData()
#8 /opt/lampp/htdocs/weshare/vendor/laravel/framework/src/Illuminate/Foundation/Bootstrap/LoadEnvironmentVariables.php(27): Dotenv\\Dotenv->load()
#9 /opt/lampp/htdocs/weshare/vendor/laravel/framework/src/Illuminate/Foundation/Application.php(213): Illuminate\\Foundation\\Bootstrap\\LoadEnvironmentVariables->bootstrap(Object(Illuminate\\Foundation\\Application))
#10 /opt/lampp/htdocs/weshare/vendor/laravel/framework/src/Illuminate/Foundation/Http/Kernel.php(162): Illuminate\\Foundation\\Application->bootstrapWith(Array)
#11 /opt/lampp/htdocs/weshare/vendor/laravel/framework/src/Illuminate/Foundation/Http/Kernel.php(146): Illuminate\\Foundation\\Http\\Kernel->bootstrap()
#12 /opt/lampp/htdocs/weshare/vendor/laravel/framework/src/Illuminate/Foundation/Http/Kernel.php(116): Illuminate\\Foundation\\Http\\Kernel->sendRequestThroughRouter(Object(Illuminate\\Http\\Request))
#13 /opt/lampp/htdocs/weshare/public/index.php(53): Illuminate\\Foundation\\Http\\Kernel->handle(Object(Illuminate\\Http\\Request))
#14 {main}
"} 
[2019-12-14 10:33:08] production.ERROR: Dotenv values containing spaces must be surrounded by quotes. {"exception":"[object] (Dotenv\\Exception\\InvalidFileException(code: 0): Dotenv values containing spaces must be surrounded by quotes. at /opt/lampp/htdocs/weshare/vendor/vlucas/phpdotenv/src/Parser.php:86)
[stacktrace]
#0 [internal function]: Dotenv\\Parser::Dotenv\\{closure}(Array, 'W')
#1 /opt/lampp/htdocs/weshare/vendor/vlucas/phpdotenv/src/Parser.php(95): array_reduce(Array, Object(Closure), Array)
#2 /opt/lampp/htdocs/weshare/vendor/vlucas/phpdotenv/src/Parser.php(41): Dotenv\\Parser::parseQuotedValue('\"\"Weshare App\"\"')
#3 /opt/lampp/htdocs/weshare/vendor/vlucas/phpdotenv/src/Loader.php(237): Dotenv\\Parser::parseValue('\"\"Weshare App\"\"')
#4 /opt/lampp/htdocs/weshare/vendor/vlucas/phpdotenv/src/Loader.php(151): Dotenv\\Loader->sanitiseVariableValue('APP_NAME', '\"\"Weshare App\"\"')
#5 /opt/lampp/htdocs/weshare/vendor/vlucas/phpdotenv/src/Loader.php(128): Dotenv\\Loader->processFilters('APP_NAME', '\"\"Weshare App\"\"')
#6 /opt/lampp/htdocs/weshare/vendor/vlucas/phpdotenv/src/Loader.php(323): Dotenv\\Loader->normaliseEnvironmentVariable('APP_NAME=\"\"Wesh...', NULL)
#7 /opt/lampp/htdocs/weshare/vendor/vlucas/phpdotenv/src/Loader.php(89): Dotenv\\Loader->setEnvironmentVariable('APP_NAME=\"\"Wesh...')
#8 /opt/lampp/htdocs/weshare/vendor/vlucas/phpdotenv/src/Dotenv.php(114): Dotenv\\Loader->load()
#9 /opt/lampp/htdocs/weshare/vendor/vlucas/phpdotenv/src/Dotenv.php(52): Dotenv\\Dotenv->loadData()
#10 /opt/lampp/htdocs/weshare/vendor/laravel/framework/src/Illuminate/Foundation/Bootstrap/LoadEnvironmentVariables.php(27): Dotenv\\Dotenv->load()
#11 /opt/lampp/htdocs/weshare/vendor/laravel/framework/src/Illuminate/Foundation/Application.php(213): Illuminate\\Foundation\\Bootstrap\\LoadEnvironmentVariables->bootstrap(Object(Illuminate\\Foundation\\Application))
#12 /opt/lampp/htdocs/weshare/vendor/laravel/framework/src/Illuminate/Foundation/Http/Kernel.php(162): Illuminate\\Foundation\\Application->bootstrapWith(Array)
#13 /opt/lampp/htdocs/weshare/vendor/laravel/framework/src/Illuminate/Foundation/Http/Kernel.php(146): Illuminate\\Foundation\\Http\\Kernel->bootstrap()
#14 /opt/lampp/htdocs/weshare/vendor/laravel/framework/src/Illuminate/Foundation/Http/Kernel.php(116): Illuminate\\Foundation\\Http\\Kernel->sendRequestThroughRouter(Object(Illuminate\\Http\\Request))
#15 /opt/lampp/htdocs/weshare/public/index.php(53): Illuminate\\Foundation\\Http\\Kernel->handle(Object(Illuminate\\Http\\Request))
#16 {main}
"} 
[2019-12-14 10:33:25] production.ERROR: Dotenv values containing spaces must be surrounded by quotes. {"exception":"[object] (Dotenv\\Exception\\InvalidFileException(code: 0): Dotenv values containing spaces must be surrounded by quotes. at /opt/lampp/htdocs/weshare/vendor/vlucas/phpdotenv/src/Parser.php:86)
[stacktrace]
#0 [internal function]: Dotenv\\Parser::Dotenv\\{closure}(Array, '\"')
#1 /opt/lampp/htdocs/weshare/vendor/vlucas/phpdotenv/src/Parser.php(95): array_reduce(Array, Object(Closure), Array)
#2 /opt/lampp/htdocs/weshare/vendor/vlucas/phpdotenv/src/Parser.php(41): Dotenv\\Parser::parseQuotedValue('\"\"\"Weshare App\"...')
#3 /opt/lampp/htdocs/weshare/vendor/vlucas/phpdotenv/src/Loader.php(237): Dotenv\\Parser::parseValue('\"\"\"Weshare App\"...')
#4 /opt/lampp/htdocs/weshare/vendor/vlucas/phpdotenv/src/Loader.php(151): Dotenv\\Loader->sanitiseVariableValue('APP_NAME', '\"\"\"Weshare App\"...')
#5 /opt/lampp/htdocs/weshare/vendor/vlucas/phpdotenv/src/Loader.php(128): Dotenv\\Loader->processFilters('APP_NAME', '\"\"\"Weshare App\"...')
#6 /opt/lampp/htdocs/weshare/vendor/vlucas/phpdotenv/src/Loader.php(323): Dotenv\\Loader->normaliseEnvironmentVariable('APP_NAME=\"\"\"Wes...', NULL)
#7 /opt/lampp/htdocs/weshare/vendor/vlucas/phpdotenv/src/Loader.php(89): Dotenv\\Loader->setEnvironmentVariable('APP_NAME=\"\"\"Wes...')
#8 /opt/lampp/htdocs/weshare/vendor/vlucas/phpdotenv/src/Dotenv.php(114): Dotenv\\Loader->load()
#9 /opt/lampp/htdocs/weshare/vendor/vlucas/phpdotenv/src/Dotenv.php(52): Dotenv\\Dotenv->loadData()
#10 /opt/lampp/htdocs/weshare/vendor/laravel/framework/src/Illuminate/Foundation/Bootstrap/LoadEnvironmentVariables.php(27): Dotenv\\Dotenv->load()
#11 /opt/lampp/htdocs/weshare/vendor/laravel/framework/src/Illuminate/Foundation/Application.php(213): Illuminate\\Foundation\\Bootstrap\\LoadEnvironmentVariables->bootstrap(Object(Illuminate\\Foundation\\Application))
#12 /opt/lampp/htdocs/weshare/vendor/laravel/framework/src/Illuminate/Foundation/Http/Kernel.php(162): Illuminate\\Foundation\\Application->bootstrapWith(Array)
#13 /opt/lampp/htdocs/weshare/vendor/laravel/framework/src/Illuminate/Foundation/Http/Kernel.php(146): Illuminate\\Foundation\\Http\\Kernel->bootstrap()
#14 /opt/lampp/htdocs/weshare/vendor/laravel/framework/src/Illuminate/Foundation/Http/Kernel.php(116): Illuminate\\Foundation\\Http\\Kernel->sendRequestThroughRouter(Object(Illuminate\\Http\\Request))
#15 /opt/lampp/htdocs/weshare/public/index.php(53): Illuminate\\Foundation\\Http\\Kernel->handle(Object(Illuminate\\Http\\Request))
#16 {main}
"} 
[2019-12-14 10:35:41] production.ERROR: Dotenv values containing spaces must be surrounded by quotes. {"exception":"[object] (Dotenv\\Exception\\InvalidFileException(code: 0): Dotenv values containing spaces must be surrounded by quotes. at /opt/lampp/htdocs/weshare/vendor/vlucas/phpdotenv/src/Parser.php:86)
[stacktrace]
#0 [internal function]: Dotenv\\Parser::Dotenv\\{closure}(Array, '\"')
#1 /opt/lampp/htdocs/weshare/vendor/vlucas/phpdotenv/src/Parser.php(95): array_reduce(Array, Object(Closure), Array)
#2 /opt/lampp/htdocs/weshare/vendor/vlucas/phpdotenv/src/Parser.php(41): Dotenv\\Parser::parseQuotedValue('\"\"\"Weshare App\"...')
#3 /opt/lampp/htdocs/weshare/vendor/vlucas/phpdotenv/src/Loader.php(237): Dotenv\\Parser::parseValue('\"\"\"Weshare App\"...')
#4 /opt/lampp/htdocs/weshare/vendor/vlucas/phpdotenv/src/Loader.php(151): Dotenv\\Loader->sanitiseVariableValue('APP_NAME', '\"\"\"Weshare App\"...')
#5 /opt/lampp/htdocs/weshare/vendor/vlucas/phpdotenv/src/Loader.php(128): Dotenv\\Loader->processFilters('APP_NAME', '\"\"\"Weshare App\"...')
#6 /opt/lampp/htdocs/weshare/vendor/vlucas/phpdotenv/src/Loader.php(323): Dotenv\\Loader->normaliseEnvironmentVariable('APP_NAME=\"\"\"Wes...', NULL)
#7 /opt/lampp/htdocs/weshare/vendor/vlucas/phpdotenv/src/Loader.php(89): Dotenv\\Loader->setEnvironmentVariable('APP_NAME=\"\"\"Wes...')
#8 /opt/lampp/htdocs/weshare/vendor/vlucas/phpdotenv/src/Dotenv.php(114): Dotenv\\Loader->load()
#9 /opt/lampp/htdocs/weshare/vendor/vlucas/phpdotenv/src/Dotenv.php(52): Dotenv\\Dotenv->loadData()
#10 /opt/lampp/htdocs/weshare/vendor/laravel/framework/src/Illuminate/Foundation/Bootstrap/LoadEnvironmentVariables.php(27): Dotenv\\Dotenv->load()
#11 /opt/lampp/htdocs/weshare/vendor/laravel/framework/src/Illuminate/Foundation/Application.php(213): Illuminate\\Foundation\\Bootstrap\\LoadEnvironmentVariables->bootstrap(Object(Illuminate\\Foundation\\Application))
#12 /opt/lampp/htdocs/weshare/vendor/laravel/framework/src/Illuminate/Foundation/Http/Kernel.php(162): Illuminate\\Foundation\\Application->bootstrapWith(Array)
#13 /opt/lampp/htdocs/weshare/vendor/laravel/framework/src/Illuminate/Foundation/Http/Kernel.php(146): Illuminate\\Foundation\\Http\\Kernel->bootstrap()
#14 /opt/lampp/htdocs/weshare/vendor/laravel/framework/src/Illuminate/Foundation/Http/Kernel.php(116): Illuminate\\Foundation\\Http\\Kernel->sendRequestThroughRouter(Object(Illuminate\\Http\\Request))
#15 /opt/lampp/htdocs/weshare/public/index.php(53): Illuminate\\Foundation\\Http\\Kernel->handle(Object(Illuminate\\Http\\Request))
#16 {main}
"} 
